<?xml version="1.0" encoding="UTF-8"?>
<!-- Generated by org.testng.reporters.JUnitXMLReporter -->
<testsuite hostname="Asus" ignored="0" name="Default test" tests="3" failures="0" timestamp="25 Sep 2019 14:10:13 GMT" time="314.323" errors="0">
  <testcase name="opp_001_ValidateStagesInLocalOpportunity" time="68.931" classname="com.tcs.salesforce.tests.POC_OpportunityValidations"/>
  <testcase name="opp_002_ValidateStagesInNationalOpportunity" time="66.014" classname="com.tcs.salesforce.tests.POC_OpportunityValidations"/>
  <testcase name="opp_003_ValidateProbabilityFieldEditabilityInLocalOpportunity" time="135.587" classname="com.tcs.salesforce.tests.POC_OpportunityValidations"/>
</testsuite> <!-- Default test -->
