<?xml version="1.0" encoding="UTF-8"?>
<!-- Generated by org.testng.reporters.JUnitXMLReporter -->
<testsuite hostname="Asus" ignored="2" name="Test" tests="1" failures="1" timestamp="29 Jan 2020 15:12:24 GMT" time="170.127" errors="0">
  <testcase name="mp_001_PotentialAdeccoCreation" time="159.349" classname="com.tcs.salesforce.tests.POC_AdeccoMarketPlayers">
    <failure type="java.lang.AssertionError" message="expected [true] but found [false]">
      <![CDATA[java.lang.AssertionError: expected [true] but found [false]
	at com.tcs.salesforce.tests.POC_AdeccoMarketPlayers.mp_001_PotentialAdeccoCreation(POC_AdeccoMarketPlayers.java:103)
... Removed 31 stack frames]]>
    </failure>
  </testcase> <!-- mp_001_PotentialAdeccoCreation -->
  <testcase name="mp_003_DeleteMarketPlayer" time="0.0" classname="com.tcs.salesforce.tests.POC_AdeccoMarketPlayers">
    <ignored/>
  </testcase> <!-- mp_003_DeleteMarketPlayer -->
  <testcase name="mp_002_EditMarketPlayer" time="0.0" classname="com.tcs.salesforce.tests.POC_AdeccoMarketPlayers">
    <ignored/>
  </testcase> <!-- mp_002_EditMarketPlayer -->
</testsuite> <!-- Test -->
